<?xml version="1.0" encoding="UTF-8"?>
<coverage generated="1589913125">
  <project timestamp="1589913125">
    <package name="Busybrain\Matrix\Basics">
      <file name="/home/anifowose/Desktop/codejam/src/Basics/BasicTrait.php">
        <class name="BasicTrait" namespace="Busybrain\Matrix\Basics">
          <metrics complexity="32" methods="16" coveredmethods="8" conditionals="0" coveredconditionals="0" statements="66" coveredstatements="40" elements="82" coveredelements="48"/>
        </class>
        <line num="8" type="method" name="first" visibility="private" complexity="1" crap="1" count="7"/>
        <line num="10" type="stmt" count="7"/>
        <line num="13" type="method" name="howManyMatrix" visibility="public" complexity="1" crap="1" count="4"/>
        <line num="15" type="stmt" count="4"/>
        <line num="18" type="method" name="rowSubtract" visibility="public" complexity="2" crap="2.03" count="1"/>
        <line num="20" type="stmt" count="1"/>
        <line num="22" type="stmt" count="1"/>
        <line num="24" type="stmt" count="1"/>
        <line num="26" type="stmt" count="0"/>
        <line num="31" type="stmt" count="1"/>
        <line num="34" type="method" name="rowCount" visibility="public" complexity="1" crap="1" count="7"/>
        <line num="36" type="stmt" count="7"/>
        <line num="39" type="method" name="columnCount" visibility="public" complexity="1" crap="1" count="7"/>
        <line num="41" type="stmt" count="7"/>
        <line num="44" type="method" name="pickRow" visibility="public" complexity="1" crap="1" count="7"/>
        <line num="48" type="stmt" count="7"/>
        <line num="51" type="method" name="select" visibility="public" complexity="3" crap="12" count="0"/>
        <line num="53" type="stmt" count="0"/>
        <line num="55" type="stmt" count="0"/>
        <line num="58" type="stmt" count="0"/>
        <line num="62" type="method" name="pickColumn" visibility="public" complexity="2" crap="6" count="0"/>
        <line num="64" type="stmt" count="0"/>
        <line num="66" type="stmt" count="0"/>
        <line num="69" type="stmt" count="0"/>
        <line num="73" type="stmt" count="0"/>
        <line num="77" type="method" name="lu" complexity="9" crap="9.07" count="1"/>
        <line num="82" type="stmt" count="1"/>
        <line num="83" type="stmt" count="1"/>
        <line num="85" type="stmt" count="1"/>
        <line num="86" type="stmt" count="1"/>
        <line num="91" type="stmt" count="1"/>
        <line num="95" type="stmt" count="1"/>
        <line num="100" type="stmt" count="1"/>
        <line num="101" type="stmt" count="1"/>
        <line num="102" type="stmt" count="1"/>
        <line num="103" type="stmt" count="1"/>
        <line num="106" type="stmt" count="1"/>
        <line num="110" type="stmt" count="1"/>
        <line num="112" type="stmt" count="1"/>
        <line num="113" type="stmt" count="1"/>
        <line num="118" type="stmt" count="1"/>
        <line num="119" type="stmt" count="1"/>
        <line num="120" type="stmt" count="0"/>
        <line num="121" type="stmt" count="0"/>
        <line num="124" type="stmt" count="1"/>
        <line num="125" type="stmt" count="1"/>
        <line num="131" type="stmt" count="1"/>
        <line num="134" type="method" name="getDetFor2by2" visibility="public" complexity="1" crap="2" count="0"/>
        <line num="136" type="stmt" count="0"/>
        <line num="140" type="method" name="rowDel" visibility="public" complexity="1" crap="2" count="0"/>
        <line num="143" type="stmt" count="0"/>
        <line num="145" type="stmt" count="0"/>
        <line num="147" type="stmt" count="0"/>
        <line num="150" type="method" name="colDel" visibility="public" complexity="1" crap="2" count="0"/>
        <line num="154" type="stmt" count="0"/>
        <line num="156" type="stmt" count="0"/>
        <line num="158" type="stmt" count="0"/>
        <line num="161" type="method" name="getDetFor3by3" visibility="public" complexity="4" crap="20" count="0"/>
        <line num="165" type="stmt" count="0"/>
        <line num="169" type="stmt" count="0"/>
        <line num="171" type="stmt" count="0"/>
        <line num="174" type="stmt" count="0"/>
        <line num="177" type="stmt" count="0"/>
        <line num="185" type="stmt" count="0"/>
        <line num="187" type="stmt" count="0"/>
        <line num="189" type="stmt" count="0"/>
        <line num="193" type="stmt" count="0"/>
        <line num="196" type="method" name="getDet" visibility="public" complexity="1" crap="1" count="1"/>
        <line num="198" type="stmt" count="1"/>
        <line num="200" type="stmt" count="1"/>
        <line num="204" type="stmt" count="1"/>
        <line num="208" type="method" name="diagonal_product" visibility="public" complexity="2" crap="2" count="1"/>
        <line num="210" type="stmt" count="1"/>
        <line num="211" type="stmt" count="1"/>
        <line num="212" type="stmt" count="1"/>
        <line num="214" type="stmt" count="1"/>
        <line num="216" type="stmt" count="1"/>
        <line num="217" type="stmt" count="1"/>
        <line num="218" type="stmt" count="1"/>
        <line num="221" type="stmt" count="1"/>
        <line num="224" type="method" name="dimensions" visibility="public" complexity="1" crap="1" count="1"/>
        <line num="226" type="stmt" count="1"/>
        <metrics loc="233" ncloc="201" classes="1" methods="16" coveredmethods="8" conditionals="0" coveredconditionals="0" statements="66" coveredstatements="40" elements="82" coveredelements="48"/>
      </file>
    </package>
    <package name="Busybrain\Matrix">
      <file name="/home/anifowose/Desktop/codejam/src/Builder.php">
        <class name="Busybrain\Matrix\Builder" namespace="Busybrain\Matrix">
          <metrics complexity="3" methods="2" coveredmethods="2" conditionals="0" coveredconditionals="0" statements="5" coveredstatements="5" elements="7" coveredelements="7"/>
        </class>
        <line num="9" type="method" name="scalarToMatrix" visibility="public" complexity="2" crap="2" count="3"/>
        <line num="11" type="stmt" count="3"/>
        <line num="13" type="stmt" count="3"/>
        <line num="15" type="stmt" count="3"/>
        <line num="19" type="stmt" count="3"/>
        <line num="22" type="method" name="identityMatrix" visibility="public" complexity="1" crap="1" count="1"/>
        <line num="25" type="stmt" count="1"/>
        <metrics loc="30" ncloc="30" classes="1" methods="2" coveredmethods="2" conditionals="0" coveredconditionals="0" statements="5" coveredstatements="5" elements="7" coveredelements="7"/>
      </file>
      <file name="/home/anifowose/Desktop/codejam/src/Matrix.php">
        <class name="Busybrain\Matrix\Matrix" namespace="Busybrain\Matrix">
          <metrics complexity="11" methods="9" coveredmethods="6" conditionals="0" coveredconditionals="0" statements="20" coveredstatements="16" elements="29" coveredelements="22"/>
        </class>
        <line num="5" type="stmt" count="0"/>
        <line num="26" type="method" name="__construct" complexity="1" crap="1" count="14"/>
        <line num="28" type="stmt" count="14"/>
        <line num="29" type="stmt" count="14"/>
        <line num="31" type="method" name="make" visibility="public" complexity="1" crap="1" count="1"/>
        <line num="33" type="stmt" count="1"/>
        <line num="35" type="stmt" count="1"/>
        <line num="37" type="stmt" count="1"/>
        <line num="41" type="method" name="setScalar" visibility="public" complexity="1" crap="1" count="2"/>
        <line num="43" type="stmt" count="2"/>
        <line num="44" type="stmt" count="2"/>
        <line num="47" type="method" name="set" visibility="public" complexity="1" crap="1" count="9"/>
        <line num="49" type="stmt" count="9"/>
        <line num="51" type="stmt" count="9"/>
        <line num="55" type="method" name="identityMatrix" visibility="public" complexity="1" crap="1" count="1"/>
        <line num="57" type="stmt" count="1"/>
        <line num="60" type="method" name="scalarToMatrix" visibility="public" complexity="1" crap="1" count="1"/>
        <line num="62" type="stmt" count="1"/>
        <line num="65" type="method" name="isSingular" visibility="public" complexity="1" crap="2" count="0"/>
        <line num="67" type="stmt" count="0"/>
        <line num="69" type="stmt" count="0"/>
        <line num="72" type="method" name="__call" visibility="public" complexity="2" crap="2.06" count="3"/>
        <line num="74" type="stmt" count="3"/>
        <line num="76" type="stmt" count="1"/>
        <line num="78" type="stmt" count="0"/>
        <line num="80" type="stmt" count="1"/>
        <line num="83" type="method" name="__get" visibility="public" complexity="2" crap="2.15" count="6"/>
        <line num="85" type="stmt" count="6"/>
        <line num="87" type="stmt" count="6"/>
        <line num="89" type="stmt" count="0"/>
        <metrics loc="95" ncloc="95" classes="1" methods="9" coveredmethods="6" conditionals="0" coveredconditionals="0" statements="21" coveredstatements="16" elements="30" coveredelements="22"/>
      </file>
      <file name="/home/anifowose/Desktop/codejam/src/Register.php">
        <class name="Busybrain\Matrix\Register" namespace="Busybrain\Matrix">
          <metrics complexity="10" methods="7" coveredmethods="7" conditionals="0" coveredconditionals="0" statements="19" coveredstatements="19" elements="26" coveredelements="26"/>
        </class>
        <line num="31" type="method" name="__construct" complexity="1" crap="1" count="14"/>
        <line num="34" type="stmt" count="14"/>
        <line num="35" type="stmt" count="14"/>
        <line num="37" type="stmt" count="14"/>
        <line num="39" type="method" name="makeApi" visibility="public" complexity="1" crap="1" count="9"/>
        <line num="44" type="stmt" count="9"/>
        <line num="46" type="stmt" count="7"/>
        <line num="49" type="method" name="operation" visibility="public" complexity="2" crap="2" count="9"/>
        <line num="52" type="stmt" count="9"/>
        <line num="54" type="stmt" count="2"/>
        <line num="56" type="stmt" count="2"/>
        <line num="60" type="method" name="registerBindings" visibility="protected" complexity="2" crap="2" count="14"/>
        <line num="62" type="stmt" count="14"/>
        <line num="63" type="stmt" count="14"/>
        <line num="66" type="stmt" count="14"/>
        <line num="69" type="method" name="bindByContext" visibility="protected" complexity="2" crap="2" count="14"/>
        <line num="71" type="stmt" count="14"/>
        <line num="73" type="stmt" count="14"/>
        <line num="75" type="stmt" count="14"/>
        <line num="76" type="stmt" count="14"/>
        <line num="77" type="stmt" count="14"/>
        <line num="79" type="stmt" count="14"/>
        <line num="81" type="method" name="canMake" visibility="public" complexity="1" crap="1" count="6"/>
        <line num="83" type="stmt" count="6"/>
        <line num="86" type="method" name="canNotBeConvertedToMatrix" visibility="public" complexity="1" crap="1" count="1"/>
        <line num="88" type="stmt" count="1"/>
        <metrics loc="92" ncloc="89" classes="1" methods="7" coveredmethods="7" conditionals="0" coveredconditionals="0" statements="19" coveredstatements="19" elements="26" coveredelements="26"/>
      </file>
      <file name="/home/anifowose/Desktop/codejam/src/Validator.php">
        <class name="Busybrain\Matrix\Validator" namespace="Busybrain\Matrix">
          <metrics complexity="0" methods="0" coveredmethods="0" conditionals="0" coveredconditionals="0" statements="0" coveredstatements="0" elements="0" coveredelements="0"/>
        </class>
        <metrics loc="10" ncloc="10" classes="0" methods="0" coveredmethods="0" conditionals="0" coveredconditionals="0" statements="0" coveredstatements="0" elements="0" coveredelements="0"/>
      </file>
    </package>
    <file name="/home/anifowose/Desktop/codejam/src/Contracts/Exceptions.php">
      <metrics loc="10" ncloc="10" classes="0" methods="0" coveredmethods="0" conditionals="0" coveredconditionals="0" statements="0" coveredstatements="0" elements="0" coveredelements="0"/>
    </file>
    <file name="/home/anifowose/Desktop/codejam/src/Contracts/Operations.php">
      <metrics loc="15" ncloc="15" classes="0" methods="0" coveredmethods="0" conditionals="0" coveredconditionals="0" statements="0" coveredstatements="0" elements="0" coveredelements="0"/>
    </file>
    <file name="/home/anifowose/Desktop/codejam/src/Contracts/ValidatorInterface.php">
      <metrics loc="7" ncloc="7" classes="0" methods="0" coveredmethods="0" conditionals="0" coveredconditionals="0" statements="0" coveredstatements="0" elements="0" coveredelements="0"/>
    </file>
    <package name="Busybrain\Matrix\Exceptions">
      <file name="/home/anifowose/Desktop/codejam/src/Exceptions/BadMethodCallException.php">
        <class name="Busybrain\Matrix\Exceptions\BadMethodCallException" namespace="Busybrain\Matrix\Exceptions">
          <metrics complexity="1" methods="1" coveredmethods="0" conditionals="0" coveredconditionals="0" statements="1" coveredstatements="0" elements="2" coveredelements="0"/>
        </class>
        <line num="9" type="method" name="handle" visibility="public" complexity="1" crap="2" count="0"/>
        <line num="11" type="stmt" count="0"/>
        <metrics loc="17" ncloc="17" classes="1" methods="1" coveredmethods="0" conditionals="0" coveredconditionals="0" statements="1" coveredstatements="0" elements="2" coveredelements="0"/>
      </file>
      <file name="/home/anifowose/Desktop/codejam/src/Exceptions/ValidationException.php">
        <class name="Busybrain\Matrix\Exceptions\ValidationException" namespace="Busybrain\Matrix\Exceptions">
          <metrics complexity="1" methods="1" coveredmethods="0" conditionals="0" coveredconditionals="0" statements="1" coveredstatements="0" elements="2" coveredelements="0"/>
        </class>
        <line num="7" type="method" name="handle" visibility="public" complexity="1" crap="2" count="0"/>
        <line num="9" type="stmt" count="0"/>
        <metrics loc="10" ncloc="10" classes="1" methods="1" coveredmethods="0" conditionals="0" coveredconditionals="0" statements="1" coveredstatements="0" elements="2" coveredelements="0"/>
      </file>
    </package>
    <package name="Busybrain\Matrix\Operations">
      <file name="/home/anifowose/Desktop/codejam/src/Operations/Addition.php">
        <class name="Busybrain\Matrix\Operations\Addition" namespace="Busybrain\Matrix\Operations">
          <metrics complexity="12" methods="6" coveredmethods="6" conditionals="0" coveredconditionals="0" statements="25" coveredstatements="25" elements="31" coveredelements="31"/>
        </class>
        <line num="23" type="method" name="__construct" complexity="1" crap="1" count="3"/>
        <line num="26" type="stmt" count="3"/>
        <line num="27" type="stmt" count="3"/>
        <line num="30" type="stmt" count="3"/>
        <line num="34" type="method" name="add" visibility="private" complexity="5" crap="5" count="3"/>
        <line num="37" type="stmt" count="3"/>
        <line num="38" type="stmt" count="3"/>
        <line num="43" type="stmt" count="3"/>
        <line num="45" type="stmt" count="3"/>
        <line num="47" type="stmt" count="3"/>
        <line num="49" type="stmt" count="3"/>
        <line num="58" type="stmt" count="3"/>
        <line num="61" type="stmt" count="3"/>
        <line num="63" type="stmt" count="3"/>
        <line num="66" type="stmt" count="3"/>
        <line num="69" type="stmt" count="3"/>
        <line num="70" type="stmt" count="3"/>
        <line num="80" type="stmt" count="3"/>
        <line num="82" type="stmt" count="3"/>
        <line num="86" type="method" name="result" visibility="public" complexity="1" crap="1" count="3"/>
        <line num="89" type="stmt" count="3"/>
        <line num="93" type="method" name="handle" visibility="public" complexity="2" crap="2" count="3"/>
        <line num="96" type="stmt" count="3"/>
        <line num="98" type="stmt" count="1"/>
        <line num="103" type="stmt" count="3"/>
        <line num="108" type="method" name="scalarExists" visibility="private" complexity="1" crap="1" count="3"/>
        <line num="110" type="stmt" count="3"/>
        <line num="113" type="method" name="addScalarToMatrix" visibility="private" complexity="2" crap="2" count="1"/>
        <line num="115" type="stmt" count="1"/>
        <line num="117" type="stmt" count="1"/>
        <line num="121" type="stmt" count="1"/>
        <metrics loc="124" ncloc="124" classes="1" methods="6" coveredmethods="6" conditionals="0" coveredconditionals="0" statements="25" coveredstatements="25" elements="31" coveredelements="31"/>
      </file>
      <file name="/home/anifowose/Desktop/codejam/src/Operations/Determinant.php">
        <class name="Busybrain\Matrix\Operations\Determinant" namespace="Busybrain\Matrix\Operations">
          <metrics complexity="3" methods="3" coveredmethods="3" conditionals="0" coveredconditionals="0" statements="6" coveredstatements="6" elements="9" coveredelements="9"/>
        </class>
        <line num="23" type="method" name="__construct" complexity="1" crap="1" count="1"/>
        <line num="26" type="stmt" count="1"/>
        <line num="27" type="stmt" count="1"/>
        <line num="30" type="stmt" count="1"/>
        <line num="32" type="method" name="handle" visibility="public" complexity="1" crap="1" count="1"/>
        <line num="35" type="stmt" count="1"/>
        <line num="38" type="method" name="result" visibility="public" complexity="1" crap="1" count="1"/>
        <line num="40" type="stmt" count="1"/>
        <line num="42" type="stmt" count="1"/>
        <metrics loc="53" ncloc="53" classes="1" methods="3" coveredmethods="3" conditionals="0" coveredconditionals="0" statements="6" coveredstatements="6" elements="9" coveredelements="9"/>
      </file>
      <file name="/home/anifowose/Desktop/codejam/src/Operations/Subtraction.php">
        <class name="Busybrain\Matrix\Operations\Subtraction" namespace="Busybrain\Matrix\Operations">
          <metrics complexity="12" methods="6" coveredmethods="4" conditionals="0" coveredconditionals="0" statements="25" coveredstatements="21" elements="31" coveredelements="25"/>
        </class>
        <line num="16" type="method" name="__construct" complexity="1" crap="1" count="1"/>
        <line num="19" type="stmt" count="1"/>
        <line num="20" type="stmt" count="1"/>
        <line num="23" type="stmt" count="1"/>
        <line num="26" type="method" name="subtract" visibility="public" complexity="5" crap="5" count="1"/>
        <line num="28" type="stmt" count="1"/>
        <line num="29" type="stmt" count="1"/>
        <line num="34" type="stmt" count="1"/>
        <line num="36" type="stmt" count="1"/>
        <line num="38" type="stmt" count="1"/>
        <line num="40" type="stmt" count="1"/>
        <line num="49" type="stmt" count="1"/>
        <line num="54" type="stmt" count="1"/>
        <line num="56" type="stmt" count="1"/>
        <line num="59" type="stmt" count="1"/>
        <line num="62" type="stmt" count="1"/>
        <line num="63" type="stmt" count="1"/>
        <line num="71" type="stmt" count="1"/>
        <line num="73" type="stmt" count="1"/>
        <line num="79" type="method" name="result" visibility="public" complexity="1" crap="1" count="1"/>
        <line num="82" type="stmt" count="1"/>
        <line num="86" type="method" name="handle" visibility="public" complexity="2" crap="2.15" count="1"/>
        <line num="90" type="stmt" count="1"/>
        <line num="92" type="stmt" count="0"/>
        <line num="95" type="stmt" count="1"/>
        <line num="100" type="method" name="scalarExists" visibility="private" complexity="1" crap="1" count="1"/>
        <line num="102" type="stmt" count="1"/>
        <line num="105" type="method" name="addScalarToMatrix" visibility="private" complexity="2" crap="6" count="0"/>
        <line num="107" type="stmt" count="0"/>
        <line num="109" type="stmt" count="0"/>
        <line num="112" type="stmt" count="0"/>
        <metrics loc="115" ncloc="115" classes="1" methods="6" coveredmethods="4" conditionals="0" coveredconditionals="0" statements="25" coveredstatements="21" elements="31" coveredelements="25"/>
      </file>
      <file name="/home/anifowose/Desktop/codejam/src/Operations/Transpose.php">
        <class name="Busybrain\Matrix\Operations\Transpose" namespace="Busybrain\Matrix\Operations">
          <metrics complexity="5" methods="3" coveredmethods="3" conditionals="0" coveredconditionals="0" statements="11" coveredstatements="11" elements="14" coveredelements="14"/>
        </class>
        <line num="23" type="method" name="__construct" complexity="1" crap="1" count="2"/>
        <line num="26" type="stmt" count="2"/>
        <line num="27" type="stmt" count="2"/>
        <line num="30" type="stmt" count="2"/>
        <line num="32" type="method" name="handle" visibility="public" complexity="1" crap="1" count="2"/>
        <line num="35" type="stmt" count="2"/>
        <line num="39" type="method" name="result" visibility="public" complexity="3" crap="3" count="2"/>
        <line num="43" type="stmt" count="2"/>
        <line num="46" type="stmt" count="2"/>
        <line num="47" type="stmt" count="2"/>
        <line num="51" type="stmt" count="2"/>
        <line num="54" type="stmt" count="2"/>
        <line num="55" type="stmt" count="2"/>
        <line num="58" type="stmt" count="2"/>
        <metrics loc="61" ncloc="61" classes="1" methods="3" coveredmethods="3" conditionals="0" coveredconditionals="0" statements="11" coveredstatements="11" elements="14" coveredelements="14"/>
      </file>
    </package>
    <package name="App\Operations">
      <file name="/home/anifowose/Desktop/codejam/src/Operations/Multiplication.php">
        <class name="App\Operations\Multiplication" namespace="App\Operations">
          <metrics complexity="5" methods="3" coveredmethods="0" conditionals="0" coveredconditionals="0" statements="12" coveredstatements="0" elements="15" coveredelements="0"/>
        </class>
        <line num="17" type="method" name="__construct" complexity="1" crap="2" count="0"/>
        <line num="20" type="stmt" count="0"/>
        <line num="21" type="stmt" count="0"/>
        <line num="24" type="stmt" count="0"/>
        <line num="27" type="method" name="handle" visibility="public" complexity="1" crap="2" count="0"/>
        <line num="29" type="stmt" count="0"/>
        <line num="32" type="method" name="result" visibility="public" complexity="3" crap="12" count="0"/>
        <line num="36" type="stmt" count="0"/>
        <line num="37" type="stmt" count="0"/>
        <line num="39" type="stmt" count="0"/>
        <line num="41" type="stmt" count="0"/>
        <line num="43" type="stmt" count="0"/>
        <line num="47" type="stmt" count="0"/>
        <line num="49" type="stmt" count="0"/>
        <line num="60" type="stmt" count="0"/>
        <metrics loc="65" ncloc="61" classes="1" methods="3" coveredmethods="0" conditionals="0" coveredconditionals="0" statements="12" coveredstatements="0" elements="15" coveredelements="0"/>
      </file>
    </package>
    <package name="Busybrain\Matrix\Validators">
      <file name="/home/anifowose/Desktop/codejam/src/Validators/TransposeValidator.php">
        <class name="Busybrain\Matrix\Validators\TransposeValidator" namespace="Busybrain\Matrix\Validators">
          <metrics complexity="1" methods="1" coveredmethods="0" conditionals="0" coveredconditionals="0" statements="1" coveredstatements="0" elements="2" coveredelements="0"/>
        </class>
        <line num="9" type="method" name="check" visibility="public" complexity="1" crap="2" count="0"/>
        <line num="12" type="stmt" count="0"/>
        <metrics loc="12" ncloc="10" classes="1" methods="1" coveredmethods="0" conditionals="0" coveredconditionals="0" statements="1" coveredstatements="0" elements="2" coveredelements="0"/>
      </file>
    </package>
    <file name="/home/anifowose/Desktop/codejam/src/helper.php">
      <line num="8" type="stmt" count="0"/>
      <line num="10" type="stmt" count="0"/>
      <line num="15" type="stmt" count="0"/>
      <line num="17" type="stmt" count="0"/>
      <line num="20" type="stmt" count="0"/>
      <line num="26" type="stmt" count="0"/>
      <line num="31" type="stmt" count="0"/>
      <line num="33" type="stmt" count="0"/>
      <line num="35" type="stmt" count="0"/>
      <line num="37" type="stmt" count="0"/>
      <line num="42" type="stmt" count="0"/>
      <line num="47" type="stmt" count="0"/>
      <line num="52" type="stmt" count="0"/>
      <line num="59" type="stmt" count="0"/>
      <line num="64" type="stmt" count="0"/>
      <line num="66" type="stmt" count="0"/>
      <line num="69" type="stmt" count="0"/>
      <line num="75" type="stmt" count="0"/>
      <line num="77" type="stmt" count="0"/>
      <line num="79" type="stmt" count="0"/>
      <line num="82" type="stmt" count="0"/>
      <line num="88" type="stmt" count="0"/>
      <metrics loc="89" ncloc="89" classes="0" methods="0" coveredmethods="0" conditionals="0" coveredconditionals="0" statements="22" coveredstatements="0" elements="22" coveredelements="0"/>
    </file>
    <metrics files="17" loc="1038" ncloc="997" classes="12" methods="58" coveredmethods="39" conditionals="0" coveredconditionals="0" statements="215" coveredstatements="143" elements="273" coveredelements="182"/>
  </project>
</coverage>
