<?xml version="1.0" encoding="UTF-8"?>
<coverage generated="1590946887">
  <project timestamp="1590946887">
    <package name="Busybrain\Matrix">
      <file name="/home/anifowose/Desktop/codejam/src/Addtionals.php">
        <class name="Busybrain\Matrix\Additionals" namespace="Busybrain\Matrix">
          <metrics complexity="1" methods="1" coveredmethods="0" conditionals="0" coveredconditionals="0" statements="1" coveredstatements="0" elements="2" coveredelements="0"/>
        </class>
        <line num="7" type="method" name="vat" visibility="public" complexity="1" crap="2" count="0"/>
        <line num="9" type="stmt" count="0"/>
        <metrics loc="10" ncloc="10" classes="1" methods="1" coveredmethods="0" conditionals="0" coveredconditionals="0" statements="1" coveredstatements="0" elements="2" coveredelements="0"/>
      </file>
      <file name="/home/anifowose/Desktop/codejam/src/Biller.php">
        <class name="Busybrain\Matrix\Biller" namespace="Busybrain\Matrix">
          <metrics complexity="3" methods="3" coveredmethods="3" conditionals="0" coveredconditionals="0" statements="5" coveredstatements="5" elements="8" coveredelements="8"/>
        </class>
        <line num="11" type="method" name="total" visibility="public" complexity="1" crap="1" count="1"/>
        <line num="13" type="stmt" count="1"/>
        <line num="15" type="stmt" count="1"/>
        <line num="17" type="stmt" count="1"/>
        <line num="20" type="method" name="vat" visibility="public" complexity="1" crap="1" count="1"/>
        <line num="22" type="stmt" count="1"/>
        <line num="25" type="method" name="setVat" visibility="public" complexity="1" crap="1" count="1"/>
        <line num="27" type="stmt" count="1"/>
        <metrics loc="30" ncloc="27" classes="1" methods="3" coveredmethods="3" conditionals="0" coveredconditionals="0" statements="5" coveredstatements="5" elements="8" coveredelements="8"/>
      </file>
      <file name="/home/anifowose/Desktop/codejam/src/Builder.php">
        <class name="Busybrain\Matrix\Builder" namespace="Busybrain\Matrix">
          <metrics complexity="3" methods="2" coveredmethods="2" conditionals="0" coveredconditionals="0" statements="5" coveredstatements="5" elements="7" coveredelements="7"/>
        </class>
        <line num="9" type="method" name="scalarToMatrix" visibility="public" complexity="2" crap="2" count="3"/>
        <line num="11" type="stmt" count="3"/>
        <line num="13" type="stmt" count="3"/>
        <line num="15" type="stmt" count="3"/>
        <line num="19" type="stmt" count="3"/>
        <line num="22" type="method" name="identityMatrix" visibility="public" complexity="1" crap="1" count="1"/>
        <line num="25" type="stmt" count="1"/>
        <metrics loc="30" ncloc="30" classes="1" methods="2" coveredmethods="2" conditionals="0" coveredconditionals="0" statements="5" coveredstatements="5" elements="7" coveredelements="7"/>
      </file>
      <file name="/home/anifowose/Desktop/codejam/src/Matrix.php">
        <class name="Busybrain\Matrix\Matrix" namespace="Busybrain\Matrix">
          <metrics complexity="17" methods="14" coveredmethods="6" conditionals="0" coveredconditionals="0" statements="30" coveredstatements="19" elements="44" coveredelements="25"/>
        </class>
        <line num="5" type="stmt" count="0"/>
        <line num="48" type="method" name="__construct" complexity="1" crap="1" count="16"/>
        <line num="50" type="stmt" count="16"/>
        <line num="51" type="stmt" count="16"/>
        <line num="52" type="stmt" count="16"/>
        <line num="53" type="stmt" count="16"/>
        <line num="62" type="method" name="make" visibility="public" complexity="1" crap="1" count="1"/>
        <line num="64" type="stmt" count="1"/>
        <line num="66" type="stmt" count="1"/>
        <line num="68" type="stmt" count="1"/>
        <line num="78" type="method" name="setScalar" visibility="public" complexity="1" crap="1" count="2"/>
        <line num="80" type="stmt" count="2"/>
        <line num="81" type="stmt" count="2"/>
        <line num="84" type="method" name="set" visibility="public" complexity="1" crap="1" count="11"/>
        <line num="86" type="stmt" count="11"/>
        <line num="88" type="stmt" count="11"/>
        <line num="92" type="method" name="identityMatrix" visibility="public" complexity="1" crap="1" count="1"/>
        <line num="94" type="stmt" count="1"/>
        <line num="97" type="method" name="scalarToMatrix" visibility="public" complexity="1" crap="1" count="1"/>
        <line num="99" type="stmt" count="1"/>
        <line num="102" type="method" name="isSingular" visibility="public" complexity="1" crap="2" count="0"/>
        <line num="104" type="stmt" count="0"/>
        <line num="106" type="stmt" count="0"/>
        <line num="109" type="method" name="get" visibility="public" complexity="1" crap="2" count="0"/>
        <line num="111" type="stmt" count="0"/>
        <line num="114" type="method" name="getDimension" visibility="public" complexity="1" crap="2" count="0"/>
        <line num="116" type="stmt" count="0"/>
        <line num="119" type="method" name="select" visibility="public" complexity="1" crap="2" count="0"/>
        <line num="121" type="stmt" count="0"/>
        <line num="125" type="method" name="validate" visibility="public" complexity="1" crap="2" count="0"/>
        <line num="127" type="stmt" count="0"/>
        <line num="130" type="method" name="validateWithMessage" visibility="public" complexity="1" crap="2" count="0"/>
        <line num="132" type="stmt" count="0"/>
        <line num="135" type="method" name="__call" visibility="public" complexity="3" crap="3.71" count="4"/>
        <line num="141" type="stmt" count="4"/>
        <line num="143" type="stmt" count="0"/>
        <line num="145" type="stmt" count="0"/>
        <line num="150" type="stmt" count="4"/>
        <line num="152" type="stmt" count="2"/>
        <line num="154" type="stmt" count="0"/>
        <line num="156" type="stmt" count="2"/>
        <line num="159" type="method" name="__get" visibility="public" complexity="2" crap="2.15" count="8"/>
        <line num="161" type="stmt" count="8"/>
        <line num="163" type="stmt" count="8"/>
        <line num="165" type="stmt" count="0"/>
        <metrics loc="171" ncloc="141" classes="1" methods="14" coveredmethods="6" conditionals="0" coveredconditionals="0" statements="31" coveredstatements="19" elements="45" coveredelements="25"/>
      </file>
      <file name="/home/anifowose/Desktop/codejam/src/Register.php">
        <class name="Busybrain\Matrix\Register" namespace="Busybrain\Matrix">
          <metrics complexity="10" methods="7" coveredmethods="7" conditionals="0" coveredconditionals="0" statements="19" coveredstatements="19" elements="26" coveredelements="26"/>
        </class>
        <line num="31" type="method" name="__construct" complexity="1" crap="1" count="16"/>
        <line num="34" type="stmt" count="16"/>
        <line num="35" type="stmt" count="16"/>
        <line num="37" type="stmt" count="16"/>
        <line num="39" type="method" name="makeApi" visibility="public" complexity="1" crap="1" count="11"/>
        <line num="44" type="stmt" count="11"/>
        <line num="46" type="stmt" count="9"/>
        <line num="49" type="method" name="operation" visibility="public" complexity="2" crap="2" count="11"/>
        <line num="52" type="stmt" count="11"/>
        <line num="54" type="stmt" count="2"/>
        <line num="56" type="stmt" count="2"/>
        <line num="60" type="method" name="registerBindings" visibility="protected" complexity="2" crap="2" count="16"/>
        <line num="62" type="stmt" count="16"/>
        <line num="63" type="stmt" count="16"/>
        <line num="66" type="stmt" count="16"/>
        <line num="69" type="method" name="bindByContext" visibility="protected" complexity="2" crap="2" count="16"/>
        <line num="71" type="stmt" count="16"/>
        <line num="73" type="stmt" count="16"/>
        <line num="75" type="stmt" count="16"/>
        <line num="76" type="stmt" count="16"/>
        <line num="77" type="stmt" count="16"/>
        <line num="79" type="stmt" count="16"/>
        <line num="81" type="method" name="canMake" visibility="public" complexity="1" crap="1" count="8"/>
        <line num="83" type="stmt" count="8"/>
        <line num="86" type="method" name="canNotBeConvertedToMatrix" visibility="public" complexity="1" crap="1" count="2"/>
        <line num="88" type="stmt" count="2"/>
        <metrics loc="92" ncloc="89" classes="1" methods="7" coveredmethods="7" conditionals="0" coveredconditionals="0" statements="19" coveredstatements="19" elements="26" coveredelements="26"/>
      </file>
      <file name="/home/anifowose/Desktop/codejam/src/Validator.php">
        <class name="Busybrain\Matrix\Validator" namespace="Busybrain\Matrix">
          <metrics complexity="14" methods="8" coveredmethods="0" conditionals="0" coveredconditionals="0" statements="24" coveredstatements="0" elements="32" coveredelements="0"/>
        </class>
        <line num="37" type="method" name="validate" visibility="public" complexity="4" crap="20" count="0"/>
        <line num="39" type="stmt" count="0"/>
        <line num="41" type="stmt" count="0"/>
        <line num="43" type="stmt" count="0"/>
        <line num="45" type="stmt" count="0"/>
        <line num="47" type="stmt" count="0"/>
        <line num="48" type="stmt" count="0"/>
        <line num="52" type="stmt" count="0"/>
        <line num="62" type="method" name="validateWithMessage" visibility="public" complexity="2" crap="6" count="0"/>
        <line num="64" type="stmt" count="0"/>
        <line num="65" type="stmt" count="0"/>
        <line num="73" type="method" name="getMessage" visibility="protected" complexity="1" crap="2" count="0"/>
        <line num="75" type="stmt" count="0"/>
        <line num="85" type="method" name="runValidation" visibility="protected" complexity="3" crap="12" count="0"/>
        <line num="87" type="stmt" count="0"/>
        <line num="88" type="stmt" count="0"/>
        <line num="90" type="stmt" count="0"/>
        <line num="92" type="stmt" count="0"/>
        <line num="96" type="stmt" count="0"/>
        <line num="99" type="method" name="processClosureCommands" visibility="protected" complexity="1" crap="2" count="0"/>
        <line num="103" type="stmt" count="0"/>
        <line num="104" type="stmt" count="0"/>
        <line num="105" type="stmt" count="0"/>
        <line num="118" type="method" name="processCommand" visibility="protected" complexity="1" crap="2" count="0"/>
        <line num="120" type="stmt" count="0"/>
        <line num="122" type="stmt" count="0"/>
        <line num="124" type="stmt" count="0"/>
        <line num="132" type="method" name="validatable" visibility="protected" complexity="1" crap="2" count="0"/>
        <line num="134" type="stmt" count="0"/>
        <line num="138" type="method" name="addMessage" visibility="protected" complexity="1" crap="2" count="0"/>
        <line num="140" type="stmt" count="0"/>
        <line num="141" type="stmt" count="0"/>
        <metrics loc="144" ncloc="102" classes="1" methods="8" coveredmethods="0" conditionals="0" coveredconditionals="0" statements="24" coveredstatements="0" elements="32" coveredelements="0"/>
      </file>
    </package>
    <package name="Busybrain\Matrix\Basics">
      <file name="/home/anifowose/Desktop/codejam/src/Basics/Helpers.php">
        <class name="Busybrain\Matrix\Basics\Helpers" namespace="Busybrain\Matrix\Basics">
          <metrics complexity="26" methods="13" coveredmethods="12" conditionals="0" coveredconditionals="0" statements="54" coveredstatements="32" elements="67" coveredelements="44"/>
        </class>
        <line num="20" type="method" name="first" visibility="protected" complexity="1" crap="1" count="9"/>
        <line num="22" type="stmt" count="9"/>
        <line num="24" type="method" name="howManyMatrix" visibility="public" complexity="1" crap="1" count="4"/>
        <line num="26" type="stmt" count="4"/>
        <line num="29" type="method" name="rowSubtract" visibility="public" complexity="2" crap="2" count="2"/>
        <line num="31" type="stmt" count="2"/>
        <line num="33" type="stmt" count="2"/>
        <line num="35" type="stmt" count="2"/>
        <line num="37" type="stmt" count="1"/>
        <line num="42" type="stmt" count="2"/>
        <line num="45" type="method" name="rowCount" visibility="public" complexity="1" crap="1" count="11"/>
        <line num="47" type="stmt" count="11"/>
        <line num="50" type="method" name="columnCount" visibility="public" complexity="1" crap="1" count="11"/>
        <line num="52" type="stmt" count="11"/>
        <line num="55" type="method" name="pickRow" visibility="public" complexity="1" crap="1" count="12"/>
        <line num="59" type="stmt" count="12"/>
        <line num="62" type="method" name="select" visibility="public" complexity="3" crap="3" count="4"/>
        <line num="64" type="stmt" count="4"/>
        <line num="66" type="stmt" count="1"/>
        <line num="69" type="stmt" count="3"/>
        <line num="73" type="method" name="pickColumn" visibility="public" complexity="2" crap="2" count="1"/>
        <line num="75" type="stmt" count="1"/>
        <line num="77" type="stmt" count="1"/>
        <line num="80" type="stmt" count="1"/>
        <line num="84" type="stmt" count="1"/>
        <line num="88" type="method" name="lu" visibility="public" complexity="9" crap="90" count="0"/>
        <line num="90" type="stmt" count="0"/>
        <line num="95" type="stmt" count="0"/>
        <line num="96" type="stmt" count="0"/>
        <line num="98" type="stmt" count="0"/>
        <line num="99" type="stmt" count="0"/>
        <line num="104" type="stmt" count="0"/>
        <line num="108" type="stmt" count="0"/>
        <line num="113" type="stmt" count="0"/>
        <line num="114" type="stmt" count="0"/>
        <line num="115" type="stmt" count="0"/>
        <line num="116" type="stmt" count="0"/>
        <line num="119" type="stmt" count="0"/>
        <line num="123" type="stmt" count="0"/>
        <line num="125" type="stmt" count="0"/>
        <line num="126" type="stmt" count="0"/>
        <line num="131" type="stmt" count="0"/>
        <line num="132" type="stmt" count="0"/>
        <line num="133" type="stmt" count="0"/>
        <line num="134" type="stmt" count="0"/>
        <line num="137" type="stmt" count="0"/>
        <line num="138" type="stmt" count="0"/>
        <line num="144" type="stmt" count="0"/>
        <line num="149" type="method" name="rowDel" visibility="public" complexity="1" crap="1" count="3"/>
        <line num="152" type="stmt" count="3"/>
        <line num="154" type="stmt" count="3"/>
        <line num="156" type="stmt" count="3"/>
        <line num="159" type="method" name="colDel" visibility="public" complexity="1" crap="1" count="2"/>
        <line num="163" type="stmt" count="2"/>
        <line num="165" type="stmt" count="2"/>
        <line num="167" type="stmt" count="2"/>
        <line num="172" type="method" name="diagonal_product" visibility="public" complexity="2" crap="2" count="1"/>
        <line num="174" type="stmt" count="1"/>
        <line num="175" type="stmt" count="1"/>
        <line num="176" type="stmt" count="1"/>
        <line num="178" type="stmt" count="1"/>
        <line num="180" type="stmt" count="1"/>
        <line num="181" type="stmt" count="1"/>
        <line num="182" type="stmt" count="1"/>
        <line num="185" type="stmt" count="1"/>
        <line num="188" type="method" name="dimensions" visibility="public" complexity="1" crap="1" count="3"/>
        <line num="190" type="stmt" count="3"/>
        <metrics loc="191" ncloc="169" classes="1" methods="13" coveredmethods="12" conditionals="0" coveredconditionals="0" statements="54" coveredstatements="32" elements="67" coveredelements="44"/>
      </file>
    </package>
    <file name="/home/anifowose/Desktop/codejam/src/Contracts/Exceptions.php">
      <metrics loc="10" ncloc="10" classes="0" methods="0" coveredmethods="0" conditionals="0" coveredconditionals="0" statements="0" coveredstatements="0" elements="0" coveredelements="0"/>
    </file>
    <file name="/home/anifowose/Desktop/codejam/src/Contracts/Operations.php">
      <metrics loc="15" ncloc="15" classes="0" methods="0" coveredmethods="0" conditionals="0" coveredconditionals="0" statements="0" coveredstatements="0" elements="0" coveredelements="0"/>
    </file>
    <file name="/home/anifowose/Desktop/codejam/src/Contracts/ValidatorInterface.php">
      <metrics loc="7" ncloc="7" classes="0" methods="0" coveredmethods="0" conditionals="0" coveredconditionals="0" statements="0" coveredstatements="0" elements="0" coveredelements="0"/>
    </file>
    <package name="Busybrain\Matrix\Exceptions">
      <file name="/home/anifowose/Desktop/codejam/src/Exceptions/BadMethodCallException.php">
        <class name="Busybrain\Matrix\Exceptions\BadMethodCallException" namespace="Busybrain\Matrix\Exceptions">
          <metrics complexity="1" methods="1" coveredmethods="0" conditionals="0" coveredconditionals="0" statements="1" coveredstatements="0" elements="2" coveredelements="0"/>
        </class>
        <line num="9" type="method" name="handle" visibility="public" complexity="1" crap="2" count="0"/>
        <line num="11" type="stmt" count="0"/>
        <metrics loc="17" ncloc="17" classes="1" methods="1" coveredmethods="0" conditionals="0" coveredconditionals="0" statements="1" coveredstatements="0" elements="2" coveredelements="0"/>
      </file>
      <file name="/home/anifowose/Desktop/codejam/src/Exceptions/ValidationException.php">
        <class name="Busybrain\Matrix\Exceptions\ValidationException" namespace="Busybrain\Matrix\Exceptions">
          <metrics complexity="1" methods="1" coveredmethods="0" conditionals="0" coveredconditionals="0" statements="1" coveredstatements="0" elements="2" coveredelements="0"/>
        </class>
        <line num="7" type="method" name="handle" visibility="public" complexity="1" crap="2" count="0"/>
        <line num="9" type="stmt" count="0"/>
        <metrics loc="10" ncloc="10" classes="1" methods="1" coveredmethods="0" conditionals="0" coveredconditionals="0" statements="1" coveredstatements="0" elements="2" coveredelements="0"/>
      </file>
    </package>
    <package name="Busybrain\Matrix\Operations">
      <file name="/home/anifowose/Desktop/codejam/src/Operations/Addition.php">
        <class name="Busybrain\Matrix\Operations\Addition" namespace="Busybrain\Matrix\Operations">
          <metrics complexity="12" methods="6" coveredmethods="6" conditionals="0" coveredconditionals="0" statements="26" coveredstatements="26" elements="32" coveredelements="32"/>
        </class>
        <line num="20" type="method" name="__construct" complexity="1" crap="1" count="3"/>
        <line num="23" type="stmt" count="3"/>
        <line num="24" type="stmt" count="3"/>
        <line num="27" type="stmt" count="3"/>
        <line num="31" type="method" name="add" visibility="private" complexity="5" crap="5" count="3"/>
        <line num="34" type="stmt" count="3"/>
        <line num="35" type="stmt" count="3"/>
        <line num="36" type="stmt" count="3"/>
        <line num="40" type="stmt" count="3"/>
        <line num="42" type="stmt" count="3"/>
        <line num="44" type="stmt" count="3"/>
        <line num="46" type="stmt" count="3"/>
        <line num="55" type="stmt" count="3"/>
        <line num="58" type="stmt" count="3"/>
        <line num="60" type="stmt" count="3"/>
        <line num="63" type="stmt" count="3"/>
        <line num="66" type="stmt" count="3"/>
        <line num="67" type="stmt" count="3"/>
        <line num="77" type="stmt" count="3"/>
        <line num="79" type="stmt" count="3"/>
        <line num="83" type="method" name="result" visibility="public" complexity="1" crap="1" count="3"/>
        <line num="86" type="stmt" count="3"/>
        <line num="90" type="method" name="handle" visibility="public" complexity="2" crap="2" count="3"/>
        <line num="93" type="stmt" count="3"/>
        <line num="95" type="stmt" count="1"/>
        <line num="100" type="stmt" count="3"/>
        <line num="105" type="method" name="scalarExists" visibility="private" complexity="1" crap="1" count="3"/>
        <line num="107" type="stmt" count="3"/>
        <line num="110" type="method" name="addScalarToMatrix" visibility="private" complexity="2" crap="2" count="1"/>
        <line num="112" type="stmt" count="1"/>
        <line num="114" type="stmt" count="1"/>
        <line num="118" type="stmt" count="1"/>
        <metrics loc="121" ncloc="121" classes="1" methods="6" coveredmethods="6" conditionals="0" coveredconditionals="0" statements="26" coveredstatements="26" elements="32" coveredelements="32"/>
      </file>
      <file name="/home/anifowose/Desktop/codejam/src/Operations/Determinant.php">
        <class name="Busybrain\Matrix\Operations\Determinant" namespace="Busybrain\Matrix\Operations">
          <metrics complexity="9" methods="5" coveredmethods="4" conditionals="0" coveredconditionals="0" statements="24" coveredstatements="22" elements="29" coveredelements="26"/>
        </class>
        <line num="22" type="method" name="__construct" complexity="1" crap="1" count="2"/>
        <line num="25" type="stmt" count="2"/>
        <line num="26" type="stmt" count="2"/>
        <line num="29" type="stmt" count="2"/>
        <line num="31" type="method" name="handle" visibility="public" complexity="1" crap="1" count="2"/>
        <line num="34" type="stmt" count="2"/>
        <line num="37" type="method" name="result" visibility="public" complexity="1" crap="1" count="2"/>
        <line num="39" type="stmt" count="2"/>
        <line num="41" type="stmt" count="2"/>
        <line num="48" type="method" name="resolveDet" visibility="public" complexity="5" crap="5.05" count="2"/>
        <line num="51" type="stmt" count="2"/>
        <line num="52" type="stmt" count="2"/>
        <line num="55" type="stmt" count="2"/>
        <line num="56" type="stmt" count="0"/>
        <line num="57" type="stmt" count="0"/>
        <line num="58" type="stmt" count="2"/>
        <line num="59" type="stmt" count="2"/>
        <line num="60" type="stmt" count="2"/>
        <line num="61" type="stmt" count="2"/>
        <line num="64" type="stmt" count="1"/>
        <line num="65" type="stmt" count="1"/>
        <line num="67" type="stmt" count="1"/>
        <line num="68" type="stmt" count="1"/>
        <line num="70" type="stmt" count="1"/>
        <line num="73" type="stmt" count="1"/>
        <line num="76" type="stmt" count="2"/>
        <line num="79" type="method" name="getDeterminantSegment" visibility="private" complexity="1" crap="1" count="1"/>
        <line num="81" type="stmt" count="1"/>
        <line num="84" type="stmt" count="1"/>
        <metrics loc="94" ncloc="94" classes="1" methods="5" coveredmethods="4" conditionals="0" coveredconditionals="0" statements="24" coveredstatements="22" elements="29" coveredelements="26"/>
      </file>
      <file name="/home/anifowose/Desktop/codejam/src/Operations/Subtraction.php">
        <class name="Busybrain\Matrix\Operations\Subtraction" namespace="Busybrain\Matrix\Operations">
          <metrics complexity="12" methods="6" coveredmethods="4" conditionals="0" coveredconditionals="0" statements="25" coveredstatements="21" elements="31" coveredelements="25"/>
        </class>
        <line num="17" type="method" name="__construct" complexity="1" crap="1" count="1"/>
        <line num="20" type="stmt" count="1"/>
        <line num="21" type="stmt" count="1"/>
        <line num="24" type="stmt" count="1"/>
        <line num="27" type="method" name="subtract" visibility="public" complexity="5" crap="5" count="1"/>
        <line num="29" type="stmt" count="1"/>
        <line num="30" type="stmt" count="1"/>
        <line num="35" type="stmt" count="1"/>
        <line num="37" type="stmt" count="1"/>
        <line num="39" type="stmt" count="1"/>
        <line num="41" type="stmt" count="1"/>
        <line num="50" type="stmt" count="1"/>
        <line num="55" type="stmt" count="1"/>
        <line num="57" type="stmt" count="1"/>
        <line num="60" type="stmt" count="1"/>
        <line num="63" type="stmt" count="1"/>
        <line num="64" type="stmt" count="1"/>
        <line num="72" type="stmt" count="1"/>
        <line num="74" type="stmt" count="1"/>
        <line num="80" type="method" name="result" visibility="public" complexity="1" crap="1" count="1"/>
        <line num="83" type="stmt" count="1"/>
        <line num="87" type="method" name="handle" visibility="public" complexity="2" crap="2.15" count="1"/>
        <line num="91" type="stmt" count="1"/>
        <line num="93" type="stmt" count="0"/>
        <line num="96" type="stmt" count="1"/>
        <line num="101" type="method" name="scalarExists" visibility="private" complexity="1" crap="1" count="1"/>
        <line num="103" type="stmt" count="1"/>
        <line num="106" type="method" name="addScalarToMatrix" visibility="private" complexity="2" crap="6" count="0"/>
        <line num="108" type="stmt" count="0"/>
        <line num="110" type="stmt" count="0"/>
        <line num="113" type="stmt" count="0"/>
        <metrics loc="116" ncloc="116" classes="1" methods="6" coveredmethods="4" conditionals="0" coveredconditionals="0" statements="25" coveredstatements="21" elements="31" coveredelements="25"/>
      </file>
      <file name="/home/anifowose/Desktop/codejam/src/Operations/Transpose.php">
        <class name="Busybrain\Matrix\Operations\Transpose" namespace="Busybrain\Matrix\Operations">
          <metrics complexity="5" methods="3" coveredmethods="3" conditionals="0" coveredconditionals="0" statements="11" coveredstatements="11" elements="14" coveredelements="14"/>
        </class>
        <line num="20" type="method" name="__construct" complexity="1" crap="1" count="4"/>
        <line num="23" type="stmt" count="4"/>
        <line num="24" type="stmt" count="4"/>
        <line num="27" type="stmt" count="4"/>
        <line num="29" type="method" name="handle" visibility="public" complexity="1" crap="1" count="4"/>
        <line num="32" type="stmt" count="4"/>
        <line num="36" type="method" name="result" visibility="public" complexity="3" crap="3" count="4"/>
        <line num="40" type="stmt" count="4"/>
        <line num="43" type="stmt" count="4"/>
        <line num="44" type="stmt" count="4"/>
        <line num="48" type="stmt" count="4"/>
        <line num="51" type="stmt" count="4"/>
        <line num="52" type="stmt" count="4"/>
        <line num="55" type="stmt" count="4"/>
        <metrics loc="58" ncloc="58" classes="1" methods="3" coveredmethods="3" conditionals="0" coveredconditionals="0" statements="11" coveredstatements="11" elements="14" coveredelements="14"/>
      </file>
    </package>
    <package name="App\Operations">
      <file name="/home/anifowose/Desktop/codejam/src/Operations/Multiplication.php">
        <class name="App\Operations\Multiplication" namespace="App\Operations">
          <metrics complexity="5" methods="3" coveredmethods="0" conditionals="0" coveredconditionals="0" statements="12" coveredstatements="0" elements="15" coveredelements="0"/>
        </class>
        <line num="14" type="method" name="__construct" complexity="1" crap="2" count="0"/>
        <line num="17" type="stmt" count="0"/>
        <line num="18" type="stmt" count="0"/>
        <line num="21" type="stmt" count="0"/>
        <line num="24" type="method" name="handle" visibility="public" complexity="1" crap="2" count="0"/>
        <line num="26" type="stmt" count="0"/>
        <line num="29" type="method" name="result" visibility="public" complexity="3" crap="12" count="0"/>
        <line num="33" type="stmt" count="0"/>
        <line num="34" type="stmt" count="0"/>
        <line num="36" type="stmt" count="0"/>
        <line num="38" type="stmt" count="0"/>
        <line num="40" type="stmt" count="0"/>
        <line num="44" type="stmt" count="0"/>
        <line num="46" type="stmt" count="0"/>
        <line num="57" type="stmt" count="0"/>
        <metrics loc="62" ncloc="58" classes="1" methods="3" coveredmethods="0" conditionals="0" coveredconditionals="0" statements="12" coveredstatements="0" elements="15" coveredelements="0"/>
      </file>
    </package>
    <package name="Busybrain\Matrix\Validation">
      <file name="/home/anifowose/Desktop/codejam/src/Validation/ValidationAttributes.php">
        <class name="ValidationAttributes" namespace="Busybrain\Matrix\Validation">
          <metrics complexity="7" methods="3" coveredmethods="0" conditionals="0" coveredconditionals="0" statements="5" coveredstatements="0" elements="8" coveredelements="0"/>
        </class>
        <line num="16" type="method" name="ValidateDim" visibility="public" complexity="5" crap="30" count="0"/>
        <line num="22" type="stmt" count="0"/>
        <line num="24" type="stmt" count="0"/>
        <line num="26" type="stmt" count="0"/>
        <line num="36" type="method" name="ValidateSquare" visibility="public" complexity="1" crap="2" count="0"/>
        <line num="38" type="stmt" count="0"/>
        <line num="46" type="method" name="ValidateSingular" visibility="public" complexity="1" crap="2" count="0"/>
        <line num="48" type="stmt" count="0"/>
        <metrics loc="49" ncloc="30" classes="1" methods="3" coveredmethods="0" conditionals="0" coveredconditionals="0" statements="5" coveredstatements="0" elements="8" coveredelements="0"/>
      </file>
      <file name="/home/anifowose/Desktop/codejam/src/Validation/ValidationParser.php">
        <class name="Busybrain\Matrix\Validation\ValidationParser" namespace="Busybrain\Matrix\Validation">
          <metrics complexity="7" methods="3" coveredmethods="0" conditionals="0" coveredconditionals="0" statements="14" coveredstatements="0" elements="17" coveredelements="0"/>
        </class>
        <line num="9" type="method" name="parse" visibility="public" complexity="3" crap="12" count="0"/>
        <line num="13" type="stmt" count="0"/>
        <line num="14" type="stmt" count="0"/>
        <line num="16" type="stmt" count="0"/>
        <line num="17" type="stmt" count="0"/>
        <line num="19" type="stmt" count="0"/>
        <line num="21" type="method" name="resolveParameters" visibility="public" complexity="2" crap="6" count="0"/>
        <line num="25" type="stmt" count="0"/>
        <line num="27" type="stmt" count="0"/>
        <line num="28" type="stmt" count="0"/>
        <line num="29" type="stmt" count="0"/>
        <line num="34" type="stmt" count="0"/>
        <line num="40" type="method" name="resolveArg" visibility="public" complexity="2" crap="6" count="0"/>
        <line num="42" type="stmt" count="0"/>
        <line num="43" type="stmt" count="0"/>
        <line num="44" type="stmt" count="0"/>
        <line num="46" type="stmt" count="0"/>
        <metrics loc="47" ncloc="43" classes="1" methods="3" coveredmethods="0" conditionals="0" coveredconditionals="0" statements="14" coveredstatements="0" elements="17" coveredelements="0"/>
      </file>
    </package>
    <file name="/home/anifowose/Desktop/codejam/src/Validation/Validators/ValidateTranspose.php">
      <metrics loc="0" ncloc="0" classes="0" methods="0" coveredmethods="0" conditionals="0" coveredconditionals="0" statements="0" coveredstatements="0" elements="0" coveredelements="0"/>
    </file>
    <file name="/home/anifowose/Desktop/codejam/src/helper.php">
      <line num="8" type="stmt" count="2"/>
      <line num="10" type="stmt" count="2"/>
      <line num="15" type="stmt" count="0"/>
      <line num="17" type="stmt" count="0"/>
      <line num="20" type="stmt" count="0"/>
      <line num="26" type="stmt" count="0"/>
      <line num="31" type="stmt" count="0"/>
      <line num="33" type="stmt" count="0"/>
      <line num="35" type="stmt" count="0"/>
      <line num="37" type="stmt" count="0"/>
      <line num="42" type="stmt" count="0"/>
      <line num="47" type="stmt" count="0"/>
      <line num="52" type="stmt" count="0"/>
      <line num="59" type="stmt" count="1"/>
      <line num="64" type="stmt" count="1"/>
      <line num="66" type="stmt" count="0"/>
      <line num="69" type="stmt" count="1"/>
      <line num="75" type="stmt" count="0"/>
      <line num="77" type="stmt" count="0"/>
      <line num="79" type="stmt" count="0"/>
      <line num="82" type="stmt" count="0"/>
      <line num="88" type="stmt" count="0"/>
      <metrics loc="89" ncloc="89" classes="0" methods="0" coveredmethods="0" conditionals="0" coveredconditionals="0" statements="22" coveredstatements="5" elements="22" coveredelements="5"/>
    </file>
    <metrics files="21" loc="1363" ncloc="1236" classes="16" methods="79" coveredmethods="47" conditionals="0" coveredconditionals="0" statements="280" coveredstatements="165" elements="359" coveredelements="212"/>
  </project>
</coverage>
